<?xml version="1.0" encoding="UTF-8"?>
<testng-results ignored="0" total="11" passed="5" failed="6" skipped="0">
  <reporter-output>
  </reporter-output>
  <suite started-at="2026-08-28T21:45:32 EEST" name="Surefire suite" finished-at="2026-08-28T21:54:01 EEST" duration-ms="509113">
    <groups>
    </groups>
    <test started-at="2026-08-28T21:45:32 EEST" name="Surefire test" finished-at="2026-08-28T21:54:01 EEST" duration-ms="509113">
      <class name="Tests.TC10Test">
        <test-method is-config="true" signature="before_testcases()[pri:0, instance:Tests.TC10Test@1613674b]" started-at="2026-08-28T21:53:11 EEST" name="before_testcases" finished-at="2026-08-28T21:53:24 EEST" duration-ms="12395" status="PASS">
          <reporter-output>
          </reporter-output>
        </test-method> <!-- before_testcases -->
        <test-method signature="checkFooterForBrandingLink(java.lang.String,java.lang.String)[pri:0, instance:Tests.TC10Test@1613674b]" started-at="2026-08-28T21:53:24 EEST" name="checkFooterForBrandingLink" description="Validate that all pages footer contains the branding link" data-provider="validLoginCredentials" finished-at="2026-08-28T21:53:38 EEST" duration-ms="14558" status="FAIL">
          <params>
            <param index="0">
              <value>
                <![CDATA[Admin]]>
              </value>
            </param>
            <param index="1">
              <value>
                <![CDATA[admin123]]>
              </value>
            </param>
          </params>
          <exception class="org.openqa.selenium.TimeoutException">
            <message>
              <![CDATA[Expected condition failed: waiting for url to contain "orangehrm.com". Current url: "https://opensource-demo.orangehrmlive.com/web/index.php/dashboard/index" (tried for 10 second(s) with 500 milliseconds interval)
Build info: version: '4.39.0', revision: '126f156aee'
System info: os.name: 'Windows 10', os.arch: 'amd64', os.version: '10.0', java.version: '26.0.1'
Driver info: org.openqa.selenium.chrome.ChromeDriver
Capabilities {acceptInsecureCerts: false, browserName: chrome, browserVersion: 151.0.7922.175, chrome: {chromedriverVersion: 151.0.7922.138 (41fa8244239..., userDataDir: C:\Users\HP\AppData\Local\T...}, fedcm:accounts: true, goog:chromeOptions: {debuggerAddress: localhost:6390}, goog:processID: 5580, networkConnectionEnabled: false, pageLoadStrategy: normal, platformName: windows, proxy: Proxy(), se:cdp: ws://localhost:6390/devtool..., se:cdpVersion: 151.0.7922.175, setWindowRect: true, strictFileInteractability: false, timeouts: {implicit: 0, pageLoad: 300000, script: 30000}, unhandledPromptBehavior: dismiss and notify, webauthn:extension:credBlob: true, webauthn:extension:largeBlob: true, webauthn:extension:minPinLength: true, webauthn:extension:prf: true, webauthn:virtualAuthenticators: true}
Session ID: ce0fc51035e1c1ae3bc2caf575c36ffd]]>
            </message>
            <full-stacktrace>
              <![CDATA[org.openqa.selenium.TimeoutException: Expected condition failed: waiting for url to contain "orangehrm.com". Current url: "https://opensource-demo.orangehrmlive.com/web/index.php/dashboard/index" (tried for 10 second(s) with 500 milliseconds interval)
Build info: version: '4.39.0', revision: '126f156aee'
System info: os.name: 'Windows 10', os.arch: 'amd64', os.version: '10.0', java.version: '26.0.1'
Driver info: org.openqa.selenium.chrome.ChromeDriver
Capabilities {acceptInsecureCerts: false, browserName: chrome, browserVersion: 151.0.7922.175, chrome: {chromedriverVersion: 151.0.7922.138 (41fa8244239..., userDataDir: C:\Users\HP\AppData\Local\T...}, fedcm:accounts: true, goog:chromeOptions: {debuggerAddress: localhost:6390}, goog:processID: 5580, networkConnectionEnabled: false, pageLoadStrategy: normal, platformName: windows, proxy: Proxy(), se:cdp: ws://localhost:6390/devtool..., se:cdpVersion: 151.0.7922.175, setWindowRect: true, strictFileInteractability: false, timeouts: {implicit: 0, pageLoad: 300000, script: 30000}, unhandledPromptBehavior: dismiss and notify, webauthn:extension:credBlob: true, webauthn:extension:largeBlob: true, webauthn:extension:minPinLength: true, webauthn:extension:prf: true, webauthn:virtualAuthenticators: true}
Session ID: ce0fc51035e1c1ae3bc2caf575c36ffd
at org.openqa.selenium.support.ui.WebDriverWait.timeoutException(WebDriverWait.java:84)
at org.openqa.selenium.support.ui.FluentWait.until(FluentWait.java:228)
at Tests.TC10Test.checkFooterForBrandingLink(TC10Test.java:49)
at java.base/jdk.internal.reflect.DirectMethodHandleAccessor.invoke(DirectMethodHandleAccessor.java:104)
at java.base/java.lang.reflect.Method.invoke(Method.java:565)
at org.testng.internal.invokers.MethodInvocationHelper.invokeMethod(MethodInvocationHelper.java:141)
at org.testng.internal.invokers.TestInvoker.invokeMethod(TestInvoker.java:686)
at org.testng.internal.invokers.TestInvoker.invokeTestMethod(TestInvoker.java:230)
at org.testng.internal.invokers.MethodRunner.runInSequence(MethodRunner.java:63)
at org.testng.internal.invokers.TestInvoker$MethodInvocationAgent.invoke(TestInvoker.java:992)
at org.testng.internal.invokers.TestInvoker.invokeTestMethods(TestInvoker.java:203)
at org.testng.internal.invokers.TestMethodWorker.invokeTestMethods(TestMethodWorker.java:154)
at org.testng.internal.invokers.TestMethodWorker.run(TestMethodWorker.java:134)
at java.base/java.util.ArrayList.forEach(ArrayList.java:1612)
at org.testng.TestRunner.privateRun(TestRunner.java:739)
at org.testng.TestRunner.run(TestRunner.java:614)
at org.testng.SuiteRunner.runTest(SuiteRunner.java:421)
at org.testng.SuiteRunner.runSequentially(SuiteRunner.java:413)
at org.testng.SuiteRunner.privateRun(SuiteRunner.java:373)
at org.testng.SuiteRunner.run(SuiteRunner.java:312)
at org.testng.SuiteRunnerWorker.runSuite(SuiteRunnerWorker.java:52)
at org.testng.SuiteRunnerWorker.run(SuiteRunnerWorker.java:95)
at org.testng.TestNG.runSuitesSequentially(TestNG.java:1274)
at org.testng.TestNG.runSuitesLocally(TestNG.java:1208)
at org.testng.TestNG.runSuites(TestNG.java:1112)
at org.testng.TestNG.run(TestNG.java:1079)
at org.apache.maven.surefire.testng.TestNGExecutor.run(TestNGExecutor.java:155)
at org.apache.maven.surefire.testng.TestNGDirectoryTestSuite.executeMulti(TestNGDirectoryTestSuite.java:169)
at org.apache.maven.surefire.testng.TestNGDirectoryTestSuite.execute(TestNGDirectoryTestSuite.java:88)
at org.apache.maven.surefire.testng.TestNGProvider.invoke(TestNGProvider.java:137)
at org.apache.maven.surefire.booter.ForkedBooter.runSuitesInProcess(ForkedBooter.java:385)
at org.apache.maven.surefire.booter.ForkedBooter.execute(ForkedBooter.java:162)
at org.apache.maven.surefire.booter.ForkedBooter.run(ForkedBooter.java:507)
at org.apache.maven.surefire.booter.ForkedBooter.main(ForkedBooter.java:495)
]]>
            </full-stacktrace>
          </exception> <!-- org.openqa.selenium.TimeoutException -->
          <reporter-output>
          </reporter-output>
        </test-method> <!-- checkFooterForBrandingLink -->
        <test-method is-config="true" signature="after_testcases()[pri:0, instance:Tests.TC10Test@1613674b]" started-at="2026-08-28T21:53:38 EEST" name="after_testcases" finished-at="2026-08-28T21:53:39 EEST" duration-ms="304" status="PASS">
          <reporter-output>
          </reporter-output>
        </test-method> <!-- after_testcases -->
      </class> <!-- Tests.TC10Test -->
      <class name="Tests.TC09Test">
        <test-method is-config="true" signature="before_testcases()[pri:0, instance:Tests.TC09Test@6631f5ca]" started-at="2026-08-28T21:52:12 EEST" name="before_testcases" finished-at="2026-08-28T21:52:46 EEST" duration-ms="34935" status="PASS">
          <reporter-output>
          </reporter-output>
        </test-method> <!-- before_testcases -->
        <test-method signature="checkAddUserPageFormFields(java.lang.String,java.lang.String)[pri:0, instance:Tests.TC09Test@6631f5ca]" started-at="2026-08-28T21:52:46 EEST" name="checkAddUserPageFormFields" description="Validate that admin can access the add user page and all form fields are visible  " data-provider="validLoginCredentials" finished-at="2026-08-28T21:53:11 EEST" duration-ms="24734" status="FAIL">
          <params>
            <param index="0">
              <value>
                <![CDATA[Admin]]>
              </value>
            </param>
            <param index="1">
              <value>
                <![CDATA[admin123]]>
              </value>
            </param>
          </params>
          <exception class="org.openqa.selenium.TimeoutException">
            <message>
              <![CDATA[Expected condition failed: waiting for element to be clickable: By.cssSelector: li.--active.oxd-topbar-body-nav-tab > span (tried for 10 second(s) with 500 milliseconds interval)
Build info: version: '4.39.0', revision: '126f156aee'
System info: os.name: 'Windows 10', os.arch: 'amd64', os.version: '10.0', java.version: '26.0.1'
Driver info: org.openqa.selenium.chrome.ChromeDriver
Capabilities {acceptInsecureCerts: false, browserName: chrome, browserVersion: 151.0.7922.175, chrome: {chromedriverVersion: 151.0.7922.138 (41fa8244239..., userDataDir: C:\Users\HP\AppData\Local\T...}, fedcm:accounts: true, goog:chromeOptions: {debuggerAddress: localhost:6332}, goog:processID: 6488, networkConnectionEnabled: false, pageLoadStrategy: normal, platformName: windows, proxy: Proxy(), se:cdp: ws://localhost:6332/devtool..., se:cdpVersion: 151.0.7922.175, setWindowRect: true, strictFileInteractability: false, timeouts: {implicit: 0, pageLoad: 300000, script: 30000}, unhandledPromptBehavior: dismiss and notify, webauthn:extension:credBlob: true, webauthn:extension:largeBlob: true, webauthn:extension:minPinLength: true, webauthn:extension:prf: true, webauthn:virtualAuthenticators: true}
Session ID: d69679ebcec10bd071c13eb99af1518a]]>
            </message>
            <full-stacktrace>
              <![CDATA[org.openqa.selenium.TimeoutException: Expected condition failed: waiting for element to be clickable: By.cssSelector: li.--active.oxd-topbar-body-nav-tab > span (tried for 10 second(s) with 500 milliseconds interval)
Build info: version: '4.39.0', revision: '126f156aee'
System info: os.name: 'Windows 10', os.arch: 'amd64', os.version: '10.0', java.version: '26.0.1'
Driver info: org.openqa.selenium.chrome.ChromeDriver
Capabilities {acceptInsecureCerts: false, browserName: chrome, browserVersion: 151.0.7922.175, chrome: {chromedriverVersion: 151.0.7922.138 (41fa8244239..., userDataDir: C:\Users\HP\AppData\Local\T...}, fedcm:accounts: true, goog:chromeOptions: {debuggerAddress: localhost:6332}, goog:processID: 6488, networkConnectionEnabled: false, pageLoadStrategy: normal, platformName: windows, proxy: Proxy(), se:cdp: ws://localhost:6332/devtool..., se:cdpVersion: 151.0.7922.175, setWindowRect: true, strictFileInteractability: false, timeouts: {implicit: 0, pageLoad: 300000, script: 30000}, unhandledPromptBehavior: dismiss and notify, webauthn:extension:credBlob: true, webauthn:extension:largeBlob: true, webauthn:extension:minPinLength: true, webauthn:extension:prf: true, webauthn:virtualAuthenticators: true}
Session ID: d69679ebcec10bd071c13eb99af1518a
at org.openqa.selenium.support.ui.WebDriverWait.timeoutException(WebDriverWait.java:84)
at org.openqa.selenium.support.ui.FluentWait.until(FluentWait.java:228)
at Pages.TC09Page.getUserManagmentElement(TC09Page.java:40)
at Pages.TC09Page.clickOnUserManagement(TC09Page.java:97)
at Tests.TC09Test.checkAddUserPageFormFields(TC09Test.java:42)
at java.base/jdk.internal.reflect.DirectMethodHandleAccessor.invoke(DirectMethodHandleAccessor.java:104)
at java.base/java.lang.reflect.Method.invoke(Method.java:565)
at org.testng.internal.invokers.MethodInvocationHelper.invokeMethod(MethodInvocationHelper.java:141)
at org.testng.internal.invokers.TestInvoker.invokeMethod(TestInvoker.java:686)
at org.testng.internal.invokers.TestInvoker.invokeTestMethod(TestInvoker.java:230)
at org.testng.internal.invokers.MethodRunner.runInSequence(MethodRunner.java:63)
at org.testng.internal.invokers.TestInvoker$MethodInvocationAgent.invoke(TestInvoker.java:992)
at org.testng.internal.invokers.TestInvoker.invokeTestMethods(TestInvoker.java:203)
at org.testng.internal.invokers.TestMethodWorker.invokeTestMethods(TestMethodWorker.java:154)
at org.testng.internal.invokers.TestMethodWorker.run(TestMethodWorker.java:134)
at java.base/java.util.ArrayList.forEach(ArrayList.java:1612)
at org.testng.TestRunner.privateRun(TestRunner.java:739)
at org.testng.TestRunner.run(TestRunner.java:614)
at org.testng.SuiteRunner.runTest(SuiteRunner.java:421)
at org.testng.SuiteRunner.runSequentially(SuiteRunner.java:413)
at org.testng.SuiteRunner.privateRun(SuiteRunner.java:373)
at org.testng.SuiteRunner.run(SuiteRunner.java:312)
at org.testng.SuiteRunnerWorker.runSuite(SuiteRunnerWorker.java:52)
at org.testng.SuiteRunnerWorker.run(SuiteRunnerWorker.java:95)
at org.testng.TestNG.runSuitesSequentially(TestNG.java:1274)
at org.testng.TestNG.runSuitesLocally(TestNG.java:1208)
at org.testng.TestNG.runSuites(TestNG.java:1112)
at org.testng.TestNG.run(TestNG.java:1079)
at org.apache.maven.surefire.testng.TestNGExecutor.run(TestNGExecutor.java:155)
at org.apache.maven.surefire.testng.TestNGDirectoryTestSuite.executeMulti(TestNGDirectoryTestSuite.java:169)
at org.apache.maven.surefire.testng.TestNGDirectoryTestSuite.execute(TestNGDirectoryTestSuite.java:88)
at org.apache.maven.surefire.testng.TestNGProvider.invoke(TestNGProvider.java:137)
at org.apache.maven.surefire.booter.ForkedBooter.runSuitesInProcess(ForkedBooter.java:385)
at org.apache.maven.surefire.booter.ForkedBooter.execute(ForkedBooter.java:162)
at org.apache.maven.surefire.booter.ForkedBooter.run(ForkedBooter.java:507)
at org.apache.maven.surefire.booter.ForkedBooter.main(ForkedBooter.java:495)
]]>
            </full-stacktrace>
          </exception> <!-- org.openqa.selenium.TimeoutException -->
          <reporter-output>
          </reporter-output>
        </test-method> <!-- checkAddUserPageFormFields -->
        <test-method is-config="true" signature="after_testcases()[pri:0, instance:Tests.TC09Test@6631f5ca]" started-at="2026-08-28T21:53:11 EEST" name="after_testcases" finished-at="2026-08-28T21:53:11 EEST" duration-ms="290" status="PASS">
          <reporter-output>
          </reporter-output>
        </test-method> <!-- after_testcases -->
      </class> <!-- Tests.TC09Test -->
      <class name="Tests.TC03Test">
        <test-method is-config="true" signature="before_testcases()[pri:0, instance:Tests.TC03Test@1ba9117e]" started-at="2026-08-28T21:47:22 EEST" name="before_testcases" finished-at="2026-08-28T21:48:02 EEST" duration-ms="39652" status="PASS">
          <reporter-output>
          </reporter-output>
        </test-method> <!-- before_testcases -->
        <test-method signature="loginWithEmptyFields(java.lang.String,java.lang.String)[pri:0, instance:Tests.TC03Test@1ba9117e]" started-at="2026-08-28T21:48:02 EEST" name="loginWithEmptyFields" description="Validate login with empty credentials is rejected and show alert " data-provider="emptyLoginCredentials" finished-at="2026-08-28T21:48:06 EEST" duration-ms="3436" status="PASS">
          <params>
            <param index="0">
              <value>
                <![CDATA[]]>
              </value>
            </param>
            <param index="1">
              <value>
                <![CDATA[]]>
              </value>
            </param>
          </params>
          <reporter-output>
          </reporter-output>
        </test-method> <!-- loginWithEmptyFields -->
        <test-method is-config="true" signature="after_testcases()[pri:0, instance:Tests.TC03Test@1ba9117e]" started-at="2026-08-28T21:48:06 EEST" name="after_testcases" finished-at="2026-08-28T21:48:06 EEST" duration-ms="268" status="PASS">
          <reporter-output>
          </reporter-output>
        </test-method> <!-- after_testcases -->
      </class> <!-- Tests.TC03Test -->
      <class name="Tests.TC04Test">
        <test-method is-config="true" signature="before_testcases()[pri:0, instance:Tests.TC04Test@272ed83b]" started-at="2026-08-28T21:48:06 EEST" name="before_testcases" finished-at="2026-08-28T21:49:21 EEST" duration-ms="75018" status="PASS">
          <reporter-output>
          </reporter-output>
        </test-method> <!-- before_testcases -->
        <test-method signature="searchForEmployee(java.lang.String,java.lang.String,java.lang.String)[pri:0, instance:Tests.TC04Test@272ed83b]" started-at="2026-08-28T21:49:21 EEST" name="searchForEmployee" description="Validate we can navigate to pim page and search for an existing employee " data-provider="validLoginCredentials" finished-at="2026-08-28T21:49:47 EEST" duration-ms="26198" status="FAIL">
          <params>
            <param index="0">
              <value>
                <![CDATA[Admin]]>
              </value>
            </param>
            <param index="1">
              <value>
                <![CDATA[admin123]]>
              </value>
            </param>
            <param index="2">
              <value>
                <![CDATA[Ravi M]]>
              </value>
            </param>
          </params>
          <exception class="org.openqa.selenium.TimeoutException">
            <message>
              <![CDATA[Expected condition failed: waiting for presence of element located by: By.xpath: (//div[contains(@class,'data')])[2] (tried for 10 second(s) with 500 milliseconds interval)]]>
            </message>
            <full-stacktrace>
              <![CDATA[org.openqa.selenium.TimeoutException: Expected condition failed: waiting for presence of element located by: By.xpath: (//div[contains(@class,'data')])[2] (tried for 10 second(s) with 500 milliseconds interval)
at org.openqa.selenium.support.ui.WebDriverWait.timeoutException(WebDriverWait.java:84)
at org.openqa.selenium.support.ui.FluentWait.until(FluentWait.java:228)
at Pages.TC04Page.employeeNameInTableElement(TC04Page.java:44)
at Tests.TC04Test.lambda$searchForEmployee$0(TC04Test.java:51)
at io.qameta.allure.Allure.lambda$step$0(Allure.java:113)
at io.qameta.allure.Allure.lambda$step$1(Allure.java:127)
at io.qameta.allure.Allure.step(Allure.java:181)
at io.qameta.allure.Allure.step(Allure.java:125)
at io.qameta.allure.Allure.step(Allure.java:112)
at Tests.TC04Test.searchForEmployee(TC04Test.java:50)
at java.base/jdk.internal.reflect.DirectMethodHandleAccessor.invoke(DirectMethodHandleAccessor.java:104)
at java.base/java.lang.reflect.Method.invoke(Method.java:565)
at org.testng.internal.invokers.MethodInvocationHelper.invokeMethod(MethodInvocationHelper.java:141)
at org.testng.internal.invokers.TestInvoker.invokeMethod(TestInvoker.java:686)
at org.testng.internal.invokers.TestInvoker.invokeTestMethod(TestInvoker.java:230)
at org.testng.internal.invokers.MethodRunner.runInSequence(MethodRunner.java:63)
at org.testng.internal.invokers.TestInvoker$MethodInvocationAgent.invoke(TestInvoker.java:992)
at org.testng.internal.invokers.TestInvoker.invokeTestMethods(TestInvoker.java:203)
at org.testng.internal.invokers.TestMethodWorker.invokeTestMethods(TestMethodWorker.java:154)
at org.testng.internal.invokers.TestMethodWorker.run(TestMethodWorker.java:134)
at java.base/java.util.ArrayList.forEach(ArrayList.java:1612)
at org.testng.TestRunner.privateRun(TestRunner.java:739)
at org.testng.TestRunner.run(TestRunner.java:614)
at org.testng.SuiteRunner.runTest(SuiteRunner.java:421)
at org.testng.SuiteRunner.runSequentially(SuiteRunner.java:413)
at org.testng.SuiteRunner.privateRun(SuiteRunner.java:373)
at org.testng.SuiteRunner.run(SuiteRunner.java:312)
at org.testng.SuiteRunnerWorker.runSuite(SuiteRunnerWorker.java:52)
at org.testng.SuiteRunnerWorker.run(SuiteRunnerWorker.java:95)
at org.testng.TestNG.runSuitesSequentially(TestNG.java:1274)
at org.testng.TestNG.runSuitesLocally(TestNG.java:1208)
at org.testng.TestNG.runSuites(TestNG.java:1112)
at org.testng.TestNG.run(TestNG.java:1079)
at org.apache.maven.surefire.testng.TestNGExecutor.run(TestNGExecutor.java:155)
at org.apache.maven.surefire.testng.TestNGDirectoryTestSuite.executeMulti(TestNGDirectoryTestSuite.java:169)
at org.apache.maven.surefire.testng.TestNGDirectoryTestSuite.execute(TestNGDirectoryTestSuite.java:88)
at org.apache.maven.surefire.testng.TestNGProvider.invoke(TestNGProvider.java:137)
at org.apache.maven.surefire.booter.ForkedBooter.runSuitesInProcess(ForkedBooter.java:385)
at org.apache.maven.surefire.booter.ForkedBooter.execute(ForkedBooter.java:162)
at org.apache.maven.surefire.booter.ForkedBooter.run(ForkedBooter.java:507)
at org.apache.maven.surefire.booter.ForkedBooter.main(ForkedBooter.java:495)
Caused by: org.openqa.selenium.NoSuchElementException: no such element: Unable to locate element: {"method":"xpath","selector":"(//div[contains(@class,'data')])[2]"}
  (Session info: chrome=151.0.7922.175)
For documentation on this error, please visit: https://www.selenium.dev/documentation/webdriver/troubleshooting/errors#nosuchelementexception
Build info: version: '4.39.0', revision: '126f156aee'
System info: os.name: 'Windows 10', os.arch: 'amd64', os.version: '10.0', java.version: '26.0.1'
Driver info: org.openqa.selenium.chrome.ChromeDriver
Command: [78fba38a6e5a25819071d57259e7225a, findElement {using=xpath, value=(//div[contains(@class,'data')])[2]}]
Capabilities {acceptInsecureCerts: false, browserName: chrome, browserVersion: 151.0.7922.175, chrome: {chromedriverVersion: 151.0.7922.138 (41fa8244239..., userDataDir: C:\Users\HP\AppData\Local\T...}, fedcm:accounts: true, goog:chromeOptions: {debuggerAddress: localhost:6125}, goog:processID: 21396, networkConnectionEnabled: false, pageLoadStrategy: normal, platformName: windows, proxy: Proxy(), se:cdp: ws://localhost:6125/devtool..., se:cdpVersion: 151.0.7922.175, setWindowRect: true, strictFileInteractability: false, timeouts: {implicit: 0, pageLoad: 300000, script: 30000}, unhandledPromptBehavior: dismiss and notify, webauthn:extension:credBlob: true, webauthn:extension:largeBlob: true, webauthn:extension:minPinLength: true, webauthn:extension:prf: true, webauthn:virtualAuthenticators: true}
Session ID: 78fba38a6e5a25819071d57259e7225a
at java.base/jdk.internal.reflect.DirectConstructorHandleAccessor.newInstance(DirectConstructorHandleAccessor.java:62)
at java.base/java.lang.reflect.Constructor.newInstanceWithCaller(Constructor.java:499)
at java.base/java.lang.reflect.Constructor.newInstance(Constructor.java:483)
at org.openqa.selenium.remote.ErrorCodec.decode(ErrorCodec.java:167)
at org.openqa.selenium.remote.codec.w3c.W3CHttpResponseCodec.decode(W3CHttpResponseCodec.java:142)
at org.openqa.selenium.remote.codec.w3c.W3CHttpResponseCodec.decode(W3CHttpResponseCodec.java:49)
at org.openqa.selenium.remote.HttpCommandExecutor.execute(HttpCommandExecutor.java:215)
at org.openqa.selenium.remote.service.DriverCommandExecutor.invokeExecute(DriverCommandExecutor.java:216)
at org.openqa.selenium.remote.service.DriverCommandExecutor.execute(DriverCommandExecutor.java:174)
at org.openqa.selenium.remote.RemoteWebDriver.execute(RemoteWebDriver.java:561)
at org.openqa.selenium.remote.ElementLocation$ElementFinder$2.findElement(ElementLocation.java:166)
at org.openqa.selenium.remote.ElementLocation.findElement(ElementLocation.java:60)
at org.openqa.selenium.remote.RemoteWebDriver.findElement(RemoteWebDriver.java:384)
at org.openqa.selenium.remote.RemoteWebDriver.findElement(RemoteWebDriver.java:378)
at org.openqa.selenium.support.ui.ExpectedConditions$6.apply(ExpectedConditions.java:174)
at org.openqa.selenium.support.ui.ExpectedConditions$6.apply(ExpectedConditions.java:171)
at org.openqa.selenium.support.ui.FluentWait.until(FluentWait.java:203)
... 39 more
]]>
            </full-stacktrace>
          </exception> <!-- org.openqa.selenium.TimeoutException -->
          <reporter-output>
          </reporter-output>
        </test-method> <!-- searchForEmployee -->
        <test-method is-config="true" signature="after_testcases()[pri:0, instance:Tests.TC04Test@272ed83b]" started-at="2026-08-28T21:49:47 EEST" name="after_testcases" finished-at="2026-08-28T21:49:47 EEST" duration-ms="392" status="PASS">
          <reporter-output>
          </reporter-output>
        </test-method> <!-- after_testcases -->
      </class> <!-- Tests.TC04Test -->
      <class name="Tests.TC02Test">
        <test-method is-config="true" signature="before_testcases()[pri:0, instance:Tests.TC02Test@44821a96]" started-at="2026-08-28T21:46:05 EEST" name="before_testcases" finished-at="2026-08-28T21:47:07 EEST" duration-ms="62481" status="PASS">
          <reporter-output>
          </reporter-output>
        </test-method> <!-- before_testcases -->
        <test-method signature="loginWithInvalidCredentials(java.lang.String,java.lang.String)[pri:0, instance:Tests.TC02Test@44821a96]" started-at="2026-08-28T21:47:07 EEST" name="loginWithInvalidCredentials" description="Validate login with the invalid credentials is rejected and show alert " data-provider="invalidLoginCredentials" finished-at="2026-08-28T21:47:22 EEST" duration-ms="15042" status="FAIL">
          <params>
            <param index="0">
              <value>
                <![CDATA[wrongUser]]>
              </value>
            </param>
            <param index="1">
              <value>
                <![CDATA[wrongPassword]]>
              </value>
            </param>
          </params>
          <exception class="org.openqa.selenium.TimeoutException">
            <message>
              <![CDATA[Expected condition failed: waiting for visibility of element located by By.className: oxd-alert-content--error (tried for 10 second(s) with 500 milliseconds interval)
Build info: version: '4.39.0', revision: '126f156aee'
System info: os.name: 'Windows 10', os.arch: 'amd64', os.version: '10.0', java.version: '26.0.1'
Driver info: org.openqa.selenium.chrome.ChromeDriver
Capabilities {acceptInsecureCerts: false, browserName: chrome, browserVersion: 151.0.7922.175, chrome: {chromedriverVersion: 151.0.7922.138 (41fa8244239..., userDataDir: C:\Users\HP\AppData\Local\T...}, fedcm:accounts: true, goog:chromeOptions: {debuggerAddress: localhost:6014}, goog:processID: 14060, networkConnectionEnabled: false, pageLoadStrategy: normal, platformName: windows, proxy: Proxy(), se:cdp: ws://localhost:6014/devtool..., se:cdpVersion: 151.0.7922.175, setWindowRect: true, strictFileInteractability: false, timeouts: {implicit: 0, pageLoad: 300000, script: 30000}, unhandledPromptBehavior: dismiss and notify, webauthn:extension:credBlob: true, webauthn:extension:largeBlob: true, webauthn:extension:minPinLength: true, webauthn:extension:prf: true, webauthn:virtualAuthenticators: true}
Session ID: 4160902f06378c94ded7fb3843ea840e]]>
            </message>
            <full-stacktrace>
              <![CDATA[org.openqa.selenium.TimeoutException: Expected condition failed: waiting for visibility of element located by By.className: oxd-alert-content--error (tried for 10 second(s) with 500 milliseconds interval)
Build info: version: '4.39.0', revision: '126f156aee'
System info: os.name: 'Windows 10', os.arch: 'amd64', os.version: '10.0', java.version: '26.0.1'
Driver info: org.openqa.selenium.chrome.ChromeDriver
Capabilities {acceptInsecureCerts: false, browserName: chrome, browserVersion: 151.0.7922.175, chrome: {chromedriverVersion: 151.0.7922.138 (41fa8244239..., userDataDir: C:\Users\HP\AppData\Local\T...}, fedcm:accounts: true, goog:chromeOptions: {debuggerAddress: localhost:6014}, goog:processID: 14060, networkConnectionEnabled: false, pageLoadStrategy: normal, platformName: windows, proxy: Proxy(), se:cdp: ws://localhost:6014/devtool..., se:cdpVersion: 151.0.7922.175, setWindowRect: true, strictFileInteractability: false, timeouts: {implicit: 0, pageLoad: 300000, script: 30000}, unhandledPromptBehavior: dismiss and notify, webauthn:extension:credBlob: true, webauthn:extension:largeBlob: true, webauthn:extension:minPinLength: true, webauthn:extension:prf: true, webauthn:virtualAuthenticators: true}
Session ID: 4160902f06378c94ded7fb3843ea840e
at org.openqa.selenium.support.ui.WebDriverWait.timeoutException(WebDriverWait.java:84)
at org.openqa.selenium.support.ui.FluentWait.until(FluentWait.java:228)
at Pages.TC02Page.getInvalidMsgElement(TC02Page.java:56)
at Tests.TC02Test.lambda$loginWithInvalidCredentials$0(TC02Test.java:44)
at io.qameta.allure.Allure.lambda$step$0(Allure.java:113)
at io.qameta.allure.Allure.lambda$step$1(Allure.java:127)
at io.qameta.allure.Allure.step(Allure.java:181)
at io.qameta.allure.Allure.step(Allure.java:125)
at io.qameta.allure.Allure.step(Allure.java:112)
at Tests.TC02Test.loginWithInvalidCredentials(TC02Test.java:43)
at java.base/jdk.internal.reflect.DirectMethodHandleAccessor.invoke(DirectMethodHandleAccessor.java:104)
at java.base/java.lang.reflect.Method.invoke(Method.java:565)
at org.testng.internal.invokers.MethodInvocationHelper.invokeMethod(MethodInvocationHelper.java:141)
at org.testng.internal.invokers.TestInvoker.invokeMethod(TestInvoker.java:686)
at org.testng.internal.invokers.TestInvoker.invokeTestMethod(TestInvoker.java:230)
at org.testng.internal.invokers.MethodRunner.runInSequence(MethodRunner.java:63)
at org.testng.internal.invokers.TestInvoker$MethodInvocationAgent.invoke(TestInvoker.java:992)
at org.testng.internal.invokers.TestInvoker.invokeTestMethods(TestInvoker.java:203)
at org.testng.internal.invokers.TestMethodWorker.invokeTestMethods(TestMethodWorker.java:154)
at org.testng.internal.invokers.TestMethodWorker.run(TestMethodWorker.java:134)
at java.base/java.util.ArrayList.forEach(ArrayList.java:1612)
at org.testng.TestRunner.privateRun(TestRunner.java:739)
at org.testng.TestRunner.run(TestRunner.java:614)
at org.testng.SuiteRunner.runTest(SuiteRunner.java:421)
at org.testng.SuiteRunner.runSequentially(SuiteRunner.java:413)
at org.testng.SuiteRunner.privateRun(SuiteRunner.java:373)
at org.testng.SuiteRunner.run(SuiteRunner.java:312)
at org.testng.SuiteRunnerWorker.runSuite(SuiteRunnerWorker.java:52)
at org.testng.SuiteRunnerWorker.run(SuiteRunnerWorker.java:95)
at org.testng.TestNG.runSuitesSequentially(TestNG.java:1274)
at org.testng.TestNG.runSuitesLocally(TestNG.java:1208)
at org.testng.TestNG.runSuites(TestNG.java:1112)
at org.testng.TestNG.run(TestNG.java:1079)
at org.apache.maven.surefire.testng.TestNGExecutor.run(TestNGExecutor.java:155)
at org.apache.maven.surefire.testng.TestNGDirectoryTestSuite.executeMulti(TestNGDirectoryTestSuite.java:169)
at org.apache.maven.surefire.testng.TestNGDirectoryTestSuite.execute(TestNGDirectoryTestSuite.java:88)
at org.apache.maven.surefire.testng.TestNGProvider.invoke(TestNGProvider.java:137)
at org.apache.maven.surefire.booter.ForkedBooter.runSuitesInProcess(ForkedBooter.java:385)
at org.apache.maven.surefire.booter.ForkedBooter.execute(ForkedBooter.java:162)
at org.apache.maven.surefire.booter.ForkedBooter.run(ForkedBooter.java:507)
at org.apache.maven.surefire.booter.ForkedBooter.main(ForkedBooter.java:495)
]]>
            </full-stacktrace>
          </exception> <!-- org.openqa.selenium.TimeoutException -->
          <reporter-output>
          </reporter-output>
        </test-method> <!-- loginWithInvalidCredentials -->
        <test-method is-config="true" signature="after_testcases()[pri:0, instance:Tests.TC02Test@44821a96]" started-at="2026-08-28T21:47:22 EEST" name="after_testcases" finished-at="2026-08-28T21:47:22 EEST" duration-ms="360" status="PASS">
          <reporter-output>
          </reporter-output>
        </test-method> <!-- after_testcases -->
      </class> <!-- Tests.TC02Test -->
      <class name="Tests.TC11Test">
        <test-method is-config="true" signature="before_testcases()[pri:0, instance:Tests.TC11Test@4e096385]" started-at="2026-08-28T21:53:39 EEST" name="before_testcases" finished-at="2026-08-28T21:53:56 EEST" duration-ms="17590" status="PASS">
          <reporter-output>
          </reporter-output>
        </test-method> <!-- before_testcases -->
        <test-method signature="verifySidebarMenuUI(java.lang.String,java.lang.String)[pri:0, instance:Tests.TC11Test@4e096385]" started-at="2026-08-28T21:53:56 EEST" name="verifySidebarMenuUI" description="Validate that the side menu display the right choices  Admin, PIM, Leave, Time, Recruitment, My Info, Performance,Dashboard, Directory  " data-provider="validLoginCredentials" finished-at="2026-08-28T21:54:01 EEST" duration-ms="4384" status="PASS">
          <params>
            <param index="0">
              <value>
                <![CDATA[Admin]]>
              </value>
            </param>
            <param index="1">
              <value>
                <![CDATA[admin123]]>
              </value>
            </param>
          </params>
          <reporter-output>
          </reporter-output>
        </test-method> <!-- verifySidebarMenuUI -->
        <test-method is-config="true" signature="after_testcases()[pri:0, instance:Tests.TC11Test@4e096385]" started-at="2026-08-28T21:54:01 EEST" name="after_testcases" finished-at="2026-08-28T21:54:01 EEST" duration-ms="327" status="PASS">
          <reporter-output>
          </reporter-output>
        </test-method> <!-- after_testcases -->
      </class> <!-- Tests.TC11Test -->
      <class name="Tests.TC06Test">
        <test-method is-config="true" signature="before_testcases()[pri:0, instance:Tests.TC06Test@51dcb805]" started-at="2026-08-28T21:50:24 EEST" name="before_testcases" finished-at="2026-08-28T21:50:49 EEST" duration-ms="24749" status="PASS">
          <reporter-output>
          </reporter-output>
        </test-method> <!-- before_testcases -->
        <test-method signature="openAddEmployeePage(java.lang.String,java.lang.String)[pri:0, instance:Tests.TC06Test@51dcb805]" started-at="2026-08-28T21:50:49 EEST" name="openAddEmployeePage" description="Validate when login and navigate to pim page we can open add employee page" data-provider="validLoginCredentials" finished-at="2026-08-28T21:51:06 EEST" duration-ms="16558" status="PASS">
          <params>
            <param index="0">
              <value>
                <![CDATA[Admin]]>
              </value>
            </param>
            <param index="1">
              <value>
                <![CDATA[admin123]]>
              </value>
            </param>
          </params>
          <reporter-output>
          </reporter-output>
        </test-method> <!-- openAddEmployeePage -->
        <test-method is-config="true" signature="after_testcases()[pri:0, instance:Tests.TC06Test@51dcb805]" started-at="2026-08-28T21:51:06 EEST" name="after_testcases" finished-at="2026-08-28T21:51:06 EEST" duration-ms="310" status="PASS">
          <reporter-output>
          </reporter-output>
        </test-method> <!-- after_testcases -->
      </class> <!-- Tests.TC06Test -->
      <class name="Tests.TC01Test">
        <test-method is-config="true" signature="before_testcases()[pri:0, instance:Tests.TC01Test@be35cd9]" started-at="2026-08-28T21:45:32 EEST" name="before_testcases" finished-at="2026-08-28T21:45:55 EEST" duration-ms="22680" status="PASS">
          <reporter-output>
          </reporter-output>
        </test-method> <!-- before_testcases -->
        <test-method signature="loginWithValidCredentials(java.lang.String,java.lang.String)[pri:0, instance:Tests.TC01Test@be35cd9]" started-at="2026-08-28T21:45:55 EEST" name="loginWithValidCredentials" description="Validate login with the valid credentials will navigate us to dashboard " data-provider="validLoginCredentials" finished-at="2026-08-28T21:46:04 EEST" duration-ms="9293" status="PASS">
          <params>
            <param index="0">
              <value>
                <![CDATA[Admin]]>
              </value>
            </param>
            <param index="1">
              <value>
                <![CDATA[admin123]]>
              </value>
            </param>
          </params>
          <reporter-output>
          </reporter-output>
        </test-method> <!-- loginWithValidCredentials -->
        <test-method is-config="true" signature="after_testcases()[pri:0, instance:Tests.TC01Test@be35cd9]" started-at="2026-08-28T21:46:04 EEST" name="after_testcases" finished-at="2026-08-28T21:46:05 EEST" duration-ms="357" status="PASS">
          <reporter-output>
          </reporter-output>
        </test-method> <!-- after_testcases -->
      </class> <!-- Tests.TC01Test -->
      <class name="Tests.TC05Test">
        <test-method is-config="true" signature="before_testcases()[pri:0, instance:Tests.TC05Test@120f102b]" started-at="2026-08-28T21:49:47 EEST" name="before_testcases" finished-at="2026-08-28T21:50:08 EEST" duration-ms="20794" status="PASS">
          <reporter-output>
          </reporter-output>
        </test-method> <!-- before_testcases -->
        <test-method signature="searchForUnexistingEmployee(java.lang.String,java.lang.String,java.lang.String)[pri:0, instance:Tests.TC05Test@120f102b]" started-at="2026-08-28T21:50:08 EEST" name="searchForUnexistingEmployee" description="Validate when search for an Non existing employee it return No Records Found " data-provider="validLoginCredentials" finished-at="2026-08-28T21:50:24 EEST" duration-ms="15655" status="PASS">
          <params>
            <param index="0">
              <value>
                <![CDATA[Admin]]>
              </value>
            </param>
            <param index="1">
              <value>
                <![CDATA[admin123]]>
              </value>
            </param>
            <param index="2">
              <value>
                <![CDATA[Ra____#vi M***##$$*///]]>
              </value>
            </param>
          </params>
          <reporter-output>
          </reporter-output>
        </test-method> <!-- searchForUnexistingEmployee -->
        <test-method is-config="true" signature="after_testcases()[pri:0, instance:Tests.TC05Test@120f102b]" started-at="2026-08-28T21:50:24 EEST" name="after_testcases" finished-at="2026-08-28T21:50:24 EEST" duration-ms="307" status="PASS">
          <reporter-output>
          </reporter-output>
        </test-method> <!-- after_testcases -->
      </class> <!-- Tests.TC05Test -->
      <class name="Tests.TC07Test">
        <test-method is-config="true" signature="before_testcases()[pri:0, instance:Tests.TC07Test@cad498c]" started-at="2026-08-28T21:51:06 EEST" name="before_testcases" finished-at="2026-08-28T21:51:22 EEST" duration-ms="16220" status="PASS">
          <reporter-output>
          </reporter-output>
        </test-method> <!-- before_testcases -->
        <test-method signature="addEmployeeWithEmptyFirstNameFeild(java.lang.String,java.lang.String,java.lang.String,java.lang.String)[pri:0, instance:Tests.TC07Test@cad498c]" started-at="2026-08-28T21:51:22 EEST" name="addEmployeeWithEmptyFirstNameFeild" description="Validate when we try to add employee with empty required field it will be rejected" data-provider="validLoginCredentials" finished-at="2026-08-28T21:51:34 EEST" duration-ms="12080" status="FAIL">
          <params>
            <param index="0">
              <value>
                <![CDATA[Admin]]>
              </value>
            </param>
            <param index="1">
              <value>
                <![CDATA[admin123]]>
              </value>
            </param>
            <param index="2">
              <value>
                <![CDATA[]]>
              </value>
            </param>
            <param index="3">
              <value>
                <![CDATA[Ashraf888025]]>
              </value>
            </param>
          </params>
          <exception class="org.openqa.selenium.ElementClickInterceptedException">
            <message>
              <![CDATA[element click intercepted: Element <button data-v-10d463b7="" data-v-304890b0="" type="submit" class="oxd-button oxd-button--medium oxd-button--secondary orangehrm-left-space">...</button> is not clickable at point (902, 514). Other element would receive the click: <div data-v-d5bfe35b="" class="oxd-form-loader">...</div>
  (Session info: chrome=151.0.7922.175)
Build info: version: '4.39.0', revision: '126f156aee'
System info: os.name: 'Windows 10', os.arch: 'amd64', os.version: '10.0', java.version: '26.0.1'
Driver info: org.openqa.selenium.chrome.ChromeDriver
Command: [8d91010767366f67574ccec08df3f0b6, clickElement {id=f.4B40B0B1B6FB0D915087B1825CEAB56D.d.2A0A178DAE9FF63FEC110CE9A29AB763.e.66}]
Capabilities {acceptInsecureCerts: false, browserName: chrome, browserVersion: 151.0.7922.175, chrome: {chromedriverVersion: 151.0.7922.138 (41fa8244239..., userDataDir: C:\Users\HP\AppData\Local\T...}, fedcm:accounts: true, goog:chromeOptions: {debuggerAddress: localhost:6254}, goog:processID: 21852, networkConnectionEnabled: false, pageLoadStrategy: normal, platformName: windows, proxy: Proxy(), se:cdp: ws://localhost:6254/devtool..., se:cdpVersion: 151.0.7922.175, setWindowRect: true, strictFileInteractability: false, timeouts: {implicit: 0, pageLoad: 300000, script: 30000}, unhandledPromptBehavior: dismiss and notify, webauthn:extension:credBlob: true, webauthn:extension:largeBlob: true, webauthn:extension:minPinLength: true, webauthn:extension:prf: true, webauthn:virtualAuthenticators: true}
Element: [[ChromeDriver: chrome on windows (8d91010767366f67574ccec08df3f0b6)] -> css selector: div.oxd-form-actions > button.orangehrm-left-space]
Session ID: 8d91010767366f67574ccec08df3f0b6]]>
            </message>
            <full-stacktrace>
              <![CDATA[org.openqa.selenium.ElementClickInterceptedException: element click intercepted: Element <button data-v-10d463b7="" data-v-304890b0="" type="submit" class="oxd-button oxd-button--medium oxd-button--secondary orangehrm-left-space">...</button> is not clickable at point (902, 514). Other element would receive the click: <div data-v-d5bfe35b="" class="oxd-form-loader">...</div>
  (Session info: chrome=151.0.7922.175)
Build info: version: '4.39.0', revision: '126f156aee'
System info: os.name: 'Windows 10', os.arch: 'amd64', os.version: '10.0', java.version: '26.0.1'
Driver info: org.openqa.selenium.chrome.ChromeDriver
Command: [8d91010767366f67574ccec08df3f0b6, clickElement {id=f.4B40B0B1B6FB0D915087B1825CEAB56D.d.2A0A178DAE9FF63FEC110CE9A29AB763.e.66}]
Capabilities {acceptInsecureCerts: false, browserName: chrome, browserVersion: 151.0.7922.175, chrome: {chromedriverVersion: 151.0.7922.138 (41fa8244239..., userDataDir: C:\Users\HP\AppData\Local\T...}, fedcm:accounts: true, goog:chromeOptions: {debuggerAddress: localhost:6254}, goog:processID: 21852, networkConnectionEnabled: false, pageLoadStrategy: normal, platformName: windows, proxy: Proxy(), se:cdp: ws://localhost:6254/devtool..., se:cdpVersion: 151.0.7922.175, setWindowRect: true, strictFileInteractability: false, timeouts: {implicit: 0, pageLoad: 300000, script: 30000}, unhandledPromptBehavior: dismiss and notify, webauthn:extension:credBlob: true, webauthn:extension:largeBlob: true, webauthn:extension:minPinLength: true, webauthn:extension:prf: true, webauthn:virtualAuthenticators: true}
Element: [[ChromeDriver: chrome on windows (8d91010767366f67574ccec08df3f0b6)] -> css selector: div.oxd-form-actions > button.orangehrm-left-space]
Session ID: 8d91010767366f67574ccec08df3f0b6
at java.base/jdk.internal.reflect.DirectConstructorHandleAccessor.newInstance(DirectConstructorHandleAccessor.java:62)
at java.base/java.lang.reflect.Constructor.newInstanceWithCaller(Constructor.java:499)
at java.base/java.lang.reflect.Constructor.newInstance(Constructor.java:483)
at org.openqa.selenium.remote.ErrorCodec.decode(ErrorCodec.java:167)
at org.openqa.selenium.remote.codec.w3c.W3CHttpResponseCodec.decode(W3CHttpResponseCodec.java:142)
at org.openqa.selenium.remote.codec.w3c.W3CHttpResponseCodec.decode(W3CHttpResponseCodec.java:49)
at org.openqa.selenium.remote.HttpCommandExecutor.execute(HttpCommandExecutor.java:215)
at org.openqa.selenium.remote.service.DriverCommandExecutor.invokeExecute(DriverCommandExecutor.java:216)
at org.openqa.selenium.remote.service.DriverCommandExecutor.execute(DriverCommandExecutor.java:174)
at org.openqa.selenium.remote.RemoteWebDriver.execute(RemoteWebDriver.java:561)
at org.openqa.selenium.remote.RemoteWebElement.execute(RemoteWebElement.java:223)
at org.openqa.selenium.remote.RemoteWebElement.click(RemoteWebElement.java:76)
at Pages.TC07Page.clickOnSaveBtn(TC07Page.java:88)
at Tests.TC07Test.addEmployeeWithEmptyFirstNameFeild(TC07Test.java:47)
at java.base/jdk.internal.reflect.DirectMethodHandleAccessor.invoke(DirectMethodHandleAccessor.java:104)
at java.base/java.lang.reflect.Method.invoke(Method.java:565)
at org.testng.internal.invokers.MethodInvocationHelper.invokeMethod(MethodInvocationHelper.java:141)
at org.testng.internal.invokers.TestInvoker.invokeMethod(TestInvoker.java:686)
at org.testng.internal.invokers.TestInvoker.invokeTestMethod(TestInvoker.java:230)
at org.testng.internal.invokers.MethodRunner.runInSequence(MethodRunner.java:63)
at org.testng.internal.invokers.TestInvoker$MethodInvocationAgent.invoke(TestInvoker.java:992)
at org.testng.internal.invokers.TestInvoker.invokeTestMethods(TestInvoker.java:203)
at org.testng.internal.invokers.TestMethodWorker.invokeTestMethods(TestMethodWorker.java:154)
at org.testng.internal.invokers.TestMethodWorker.run(TestMethodWorker.java:134)
at java.base/java.util.ArrayList.forEach(ArrayList.java:1612)
at org.testng.TestRunner.privateRun(TestRunner.java:739)
at org.testng.TestRunner.run(TestRunner.java:614)
at org.testng.SuiteRunner.runTest(SuiteRunner.java:421)
at org.testng.SuiteRunner.runSequentially(SuiteRunner.java:413)
at org.testng.SuiteRunner.privateRun(SuiteRunner.java:373)
at org.testng.SuiteRunner.run(SuiteRunner.java:312)
at org.testng.SuiteRunnerWorker.runSuite(SuiteRunnerWorker.java:52)
at org.testng.SuiteRunnerWorker.run(SuiteRunnerWorker.java:95)
at org.testng.TestNG.runSuitesSequentially(TestNG.java:1274)
at org.testng.TestNG.runSuitesLocally(TestNG.java:1208)
at org.testng.TestNG.runSuites(TestNG.java:1112)
at org.testng.TestNG.run(TestNG.java:1079)
at org.apache.maven.surefire.testng.TestNGExecutor.run(TestNGExecutor.java:155)
at org.apache.maven.surefire.testng.TestNGDirectoryTestSuite.executeMulti(TestNGDirectoryTestSuite.java:169)
at org.apache.maven.surefire.testng.TestNGDirectoryTestSuite.execute(TestNGDirectoryTestSuite.java:88)
at org.apache.maven.surefire.testng.TestNGProvider.invoke(TestNGProvider.java:137)
at org.apache.maven.surefire.booter.ForkedBooter.runSuitesInProcess(ForkedBooter.java:385)
at org.apache.maven.surefire.booter.ForkedBooter.execute(ForkedBooter.java:162)
at org.apache.maven.surefire.booter.ForkedBooter.run(ForkedBooter.java:507)
at org.apache.maven.surefire.booter.ForkedBooter.main(ForkedBooter.java:495)
]]>
            </full-stacktrace>
          </exception> <!-- org.openqa.selenium.ElementClickInterceptedException -->
          <reporter-output>
          </reporter-output>
        </test-method> <!-- addEmployeeWithEmptyFirstNameFeild -->
        <test-method is-config="true" signature="after_testcases()[pri:0, instance:Tests.TC07Test@cad498c]" started-at="2026-08-28T21:51:34 EEST" name="after_testcases" finished-at="2026-08-28T21:51:34 EEST" duration-ms="307" status="PASS">
          <reporter-output>
          </reporter-output>
        </test-method> <!-- after_testcases -->
      </class> <!-- Tests.TC07Test -->
      <class name="Tests.TC08Test">
        <test-method is-config="true" signature="before_testcases()[pri:0, instance:Tests.TC08Test@2accdbb5]" started-at="2026-08-28T21:51:34 EEST" name="before_testcases" finished-at="2026-08-28T21:51:52 EEST" duration-ms="17831" status="PASS">
          <reporter-output>
          </reporter-output>
        </test-method> <!-- before_testcases -->
        <test-method signature="addNewEmployee(java.lang.String,java.lang.String,java.lang.String,java.lang.String)[pri:0, instance:Tests.TC08Test@2accdbb5]" started-at="2026-08-28T21:51:52 EEST" name="addNewEmployee" description="Validate when we navigate to add employee page we can add new employee when we fill all required fields" data-provider="validLoginCredentials" finished-at="2026-08-28T21:52:11 EEST" duration-ms="18952" status="FAIL">
          <params>
            <param index="0">
              <value>
                <![CDATA[Admin]]>
              </value>
            </param>
            <param index="1">
              <value>
                <![CDATA[admin123]]>
              </value>
            </param>
            <param index="2">
              <value>
                <![CDATA[Moahmed2253637]]>
              </value>
            </param>
            <param index="3">
              <value>
                <![CDATA[Ashraf883942]]>
              </value>
            </param>
          </params>
          <exception class="org.openqa.selenium.TimeoutException">
            <message>
              <![CDATA[Expected condition failed: waiting for element to be clickable: By.cssSelector: a[href*='viewPimModule'] (tried for 10 second(s) with 500 milliseconds interval)
Build info: version: '4.39.0', revision: '126f156aee'
System info: os.name: 'Windows 10', os.arch: 'amd64', os.version: '10.0', java.version: '26.0.1'
Driver info: org.openqa.selenium.chrome.ChromeDriver
Capabilities {acceptInsecureCerts: false, browserName: chrome, browserVersion: 151.0.7922.175, chrome: {chromedriverVersion: 151.0.7922.138 (41fa8244239..., userDataDir: C:\Users\HP\AppData\Local\T...}, fedcm:accounts: true, goog:chromeOptions: {debuggerAddress: localhost:6291}, goog:processID: 21984, networkConnectionEnabled: false, pageLoadStrategy: normal, platformName: windows, proxy: Proxy(), se:cdp: ws://localhost:6291/devtool..., se:cdpVersion: 151.0.7922.175, setWindowRect: true, strictFileInteractability: false, timeouts: {implicit: 0, pageLoad: 300000, script: 30000}, unhandledPromptBehavior: dismiss and notify, webauthn:extension:credBlob: true, webauthn:extension:largeBlob: true, webauthn:extension:minPinLength: true, webauthn:extension:prf: true, webauthn:virtualAuthenticators: true}
Session ID: 6cf8cbdbed5fa3ad7a50017f55fa37c5]]>
            </message>
            <full-stacktrace>
              <![CDATA[org.openqa.selenium.TimeoutException: Expected condition failed: waiting for element to be clickable: By.cssSelector: a[href*='viewPimModule'] (tried for 10 second(s) with 500 milliseconds interval)
Build info: version: '4.39.0', revision: '126f156aee'
System info: os.name: 'Windows 10', os.arch: 'amd64', os.version: '10.0', java.version: '26.0.1'
Driver info: org.openqa.selenium.chrome.ChromeDriver
Capabilities {acceptInsecureCerts: false, browserName: chrome, browserVersion: 151.0.7922.175, chrome: {chromedriverVersion: 151.0.7922.138 (41fa8244239..., userDataDir: C:\Users\HP\AppData\Local\T...}, fedcm:accounts: true, goog:chromeOptions: {debuggerAddress: localhost:6291}, goog:processID: 21984, networkConnectionEnabled: false, pageLoadStrategy: normal, platformName: windows, proxy: Proxy(), se:cdp: ws://localhost:6291/devtool..., se:cdpVersion: 151.0.7922.175, setWindowRect: true, strictFileInteractability: false, timeouts: {implicit: 0, pageLoad: 300000, script: 30000}, unhandledPromptBehavior: dismiss and notify, webauthn:extension:credBlob: true, webauthn:extension:largeBlob: true, webauthn:extension:minPinLength: true, webauthn:extension:prf: true, webauthn:virtualAuthenticators: true}
Session ID: 6cf8cbdbed5fa3ad7a50017f55fa37c5
at org.openqa.selenium.support.ui.WebDriverWait.timeoutException(WebDriverWait.java:84)
at org.openqa.selenium.support.ui.FluentWait.until(FluentWait.java:228)
at Pages.TC08Page.getPimElement(TC08Page.java:32)
at Pages.TC08Page.navigateToPim(TC08Page.java:69)
at Tests.TC08Test.addNewEmployee(TC08Test.java:43)
at java.base/jdk.internal.reflect.DirectMethodHandleAccessor.invoke(DirectMethodHandleAccessor.java:104)
at java.base/java.lang.reflect.Method.invoke(Method.java:565)
at org.testng.internal.invokers.MethodInvocationHelper.invokeMethod(MethodInvocationHelper.java:141)
at org.testng.internal.invokers.TestInvoker.invokeMethod(TestInvoker.java:686)
at org.testng.internal.invokers.TestInvoker.invokeTestMethod(TestInvoker.java:230)
at org.testng.internal.invokers.MethodRunner.runInSequence(MethodRunner.java:63)
at org.testng.internal.invokers.TestInvoker$MethodInvocationAgent.invoke(TestInvoker.java:992)
at org.testng.internal.invokers.TestInvoker.invokeTestMethods(TestInvoker.java:203)
at org.testng.internal.invokers.TestMethodWorker.invokeTestMethods(TestMethodWorker.java:154)
at org.testng.internal.invokers.TestMethodWorker.run(TestMethodWorker.java:134)
at java.base/java.util.ArrayList.forEach(ArrayList.java:1612)
at org.testng.TestRunner.privateRun(TestRunner.java:739)
at org.testng.TestRunner.run(TestRunner.java:614)
at org.testng.SuiteRunner.runTest(SuiteRunner.java:421)
at org.testng.SuiteRunner.runSequentially(SuiteRunner.java:413)
at org.testng.SuiteRunner.privateRun(SuiteRunner.java:373)
at org.testng.SuiteRunner.run(SuiteRunner.java:312)
at org.testng.SuiteRunnerWorker.runSuite(SuiteRunnerWorker.java:52)
at org.testng.SuiteRunnerWorker.run(SuiteRunnerWorker.java:95)
at org.testng.TestNG.runSuitesSequentially(TestNG.java:1274)
at org.testng.TestNG.runSuitesLocally(TestNG.java:1208)
at org.testng.TestNG.runSuites(TestNG.java:1112)
at org.testng.TestNG.run(TestNG.java:1079)
at org.apache.maven.surefire.testng.TestNGExecutor.run(TestNGExecutor.java:155)
at org.apache.maven.surefire.testng.TestNGDirectoryTestSuite.executeMulti(TestNGDirectoryTestSuite.java:169)
at org.apache.maven.surefire.testng.TestNGDirectoryTestSuite.execute(TestNGDirectoryTestSuite.java:88)
at org.apache.maven.surefire.testng.TestNGProvider.invoke(TestNGProvider.java:137)
at org.apache.maven.surefire.booter.ForkedBooter.runSuitesInProcess(ForkedBooter.java:385)
at org.apache.maven.surefire.booter.ForkedBooter.execute(ForkedBooter.java:162)
at org.apache.maven.surefire.booter.ForkedBooter.run(ForkedBooter.java:507)
at org.apache.maven.surefire.booter.ForkedBooter.main(ForkedBooter.java:495)
]]>
            </full-stacktrace>
          </exception> <!-- org.openqa.selenium.TimeoutException -->
          <reporter-output>
          </reporter-output>
        </test-method> <!-- addNewEmployee -->
        <test-method is-config="true" signature="after_testcases()[pri:0, instance:Tests.TC08Test@2accdbb5]" started-at="2026-08-28T21:52:11 EEST" name="after_testcases" finished-at="2026-08-28T21:52:12 EEST" duration-ms="270" status="PASS">
          <reporter-output>
          </reporter-output>
        </test-method> <!-- after_testcases -->
      </class> <!-- Tests.TC08Test -->
    </test> <!-- Surefire test -->
  </suite> <!-- Surefire suite -->
</testng-results>
